Wed Nov 17 22:52:19 PST 2021

System PATH for 2349807

----------/gscratch/srlab/programs/anaconda3/condabin
/usr/lusers/samwhite/bin
/gscratch/srlab/programs/cmake-3.12.1/bin
/usr/lusers/samwhite/perl5/bin
/sw/local/bin
/usr/lib64/qt-3.3/bin
/sw/modules-1.775/bin
/usr/lpp/mmfs/bin
/usr/local/bin
/usr/bin
/usr/local/sbin
/usr/sbin
/gscratch/srlab/programs/bowtie2-2.3.5.1-linux-x86_64
/gscratch/srlab/programs/Augustus-3.3.2/bin
/gscratch/srlab/programs/FastQC
/gscratch/srlab/programs/jellyfish-2.3.0/bin
/gscratch/srlab/programs/salmon-1.1.0_linux_x86_64/bin
/gscratch/srlab/programs/samtools-1.10
/gscratch/srlab/programs/pcre2-10.37
/gscratch/srlab/programs/R-4.1.1/bin
/gscratch/srlab/programs/tree-1.8.0
/usr/lusers/samwhite/bin
/usr/lusers/samwhite/edirect
