Tue May 28 15:34:25 PDT 2019

System PATH for 871336

----------/gscratch/sw/intel-201703/compilers_and_libraries_2017.2.174/linux/mpi/intel64/bin
/gscratch/sw/intel-201703/compilers_and_libraries_2017.2.174/linux/bin/intel64
/gscratch/sw/intel-201703/debugger_2017/gdb/intel64_mic/bin
/sw/intel-python-2017.2.045/intelpython3/bin
/usr/lusers/samwhite/bin
/gscratch/srlab/programs/cmake-3.12.1/bin
/usr/lusers/samwhite/perl5/bin
/sw/local/bin
/usr/lib64/qt-3.3/bin
/sw/modules-1.775/bin
/usr/lpp/mmfs/bin
/usr/local/bin
/usr/bin
/usr/local/sbin
/usr/sbin
/gscratch/srlab/programs/bowtie2-2.3.4.1-linux-x86_64
/gscratch/srlab/programs/Augustus-3.3.2/bin
/gscratch/srlab/programs/FastQC
/gscratch/srlab/programs/jellyfish-2.2.10/bin
/gscratch/srlab/programs/salmon-0.11.2-linux_x86_64/bin
/gscratch/srlab/programs/samtools-1.9

/usr/lusers/samwhite/bin
/usr/lusers/samwhite/edirect
